<?xml version="1.0" encoding="UTF-8"?>
<testng-results skipped="0" failed="0" total="1" passed="1">
  <reporter-output>
  </reporter-output>
  <suite name="Default suite" duration-ms="20500" started-at="2018-08-18T15:58:56Z" finished-at="2018-08-18T15:59:17Z">
    <groups>
      <group name="cucumber">
        <method signature="AbstractTestNGCucumberTests.feature(cucumber.api.testng.CucumberFeatureWrapper)[pri:0, instance:com.automation.TestNGrunners.TestNGrunner@3a5ed7a6]" name="feature" class="cucumber.api.testng.AbstractTestNGCucumberTests"/>
      </group> <!-- cucumber -->
    </groups>
    <test name="Default test" duration-ms="20500" started-at="2018-08-18T15:58:56Z" finished-at="2018-08-18T15:59:17Z">
      <class name="com.automation.TestNGrunners.TestNGrunner">
        <test-method status="PASS" signature="setUpClass()[pri:0, instance:com.automation.TestNGrunners.TestNGrunner@3a5ed7a6]" name="setUpClass" is-config="true" duration-ms="363" started-at="2018-08-18T21:28:57Z" finished-at="2018-08-18T21:28:57Z">
          <reporter-output>
          </reporter-output>
        </test-method> <!-- setUpClass -->
        <test-method status="PASS" signature="feature(cucumber.api.testng.CucumberFeatureWrapper)[pri:0, instance:com.automation.TestNGrunners.TestNGrunner@3a5ed7a6]" name="feature" duration-ms="19330" started-at="2018-08-18T21:28:57Z" description="Runs Cucumber Feature" data-provider="features" finished-at="2018-08-18T21:29:16Z">
          <params>
            <param index="0">
              <value>
                <![CDATA[Login Action]]>
              </value>
            </param>
          </params>
          <reporter-output>
          </reporter-output>
        </test-method> <!-- feature -->
        <test-method status="PASS" signature="tearDownClass()[pri:0, instance:com.automation.TestNGrunners.TestNGrunner@3a5ed7a6]" name="tearDownClass" is-config="true" duration-ms="159" started-at="2018-08-18T21:29:16Z" finished-at="2018-08-18T21:29:17Z">
          <reporter-output>
          </reporter-output>
        </test-method> <!-- tearDownClass -->
        <test-method status="PASS" signature="test()[pri:0, instance:com.automation.TestNGrunners.TestNGrunner@3a5ed7a6]" name="test" is-config="true" duration-ms="483" started-at="2018-08-18T21:29:17Z" finished-at="2018-08-18T21:29:17Z">
          <reporter-output>
          </reporter-output>
        </test-method> <!-- test -->
        <test-method status="PASS" signature="copyStoredReports()[pri:0, instance:com.automation.TestNGrunners.TestNGrunner@3a5ed7a6]" name="copyStoredReports" is-config="true" duration-ms="1" started-at="2018-08-18T21:29:17Z" finished-at="2018-08-18T21:29:17Z">
          <reporter-output>
          </reporter-output>
        </test-method> <!-- copyStoredReports -->
      </class> <!-- com.automation.TestNGrunners.TestNGrunner -->
    </test> <!-- Default test -->
  </suite> <!-- Default suite -->
</testng-results>
