<?xml version="1.0" encoding="UTF-8"?>
<!-- Generated by org.testng.reporters.JUnitXMLReporter -->
<testsuite hostname="Ajit-PC" name="Test" tests="1" failures="0" timestamp="18 Aug 2018 15:36:52 GMT" time="79.289" errors="0">
  <testcase name="@AfterTest test" time="0.0" classname="com.automation.TestNGrunners.TestNGrunner">
    <failure type="java.lang.ExceptionInInitializerError">
      <![CDATA[java.lang.ExceptionInInitializerError
	at com.automation.Utility.TimeStamp.getInstance(TimeStamp.java:29)
	at com.automation.TestNGrunners.TestNGrunner.copyReportsFolder(TestNGrunner.java:74)
	at com.automation.TestNGrunners.TestNGrunner.test(TestNGrunner.java:54)
Caused by: java.lang.NullPointerException
	at com.automation.Utility.Settings.loadFromPropertiesFile(Settings.java:50)
	at com.automation.Utility.Settings.<clinit>(Settings.java:20)
	... 25 more
... Removed 22 stack frames]]>
    </failure>
  </testcase> <!-- @AfterTest test -->
  <testcase name="feature" time="78.154" classname="com.automation.TestNGrunners.TestNGrunner"/>
</testsuite> <!-- Test -->
